f:\tankwar\obj\debug\vc143.pdb
f:\tankwar\obj\debug\vc143.idb
f:\tankwar\obj\debug\helicopter.obj
f:\tankwar\obj\debug\smoke.obj
f:\tankwar\obj\debug\enemy.obj
f:\tankwar\obj\debug\game.obj
f:\tankwar\obj\debug\explosion.obj
f:\tankwar\obj\debug\audio.obj
f:\tankwar\obj\debug\gamestate.obj
f:\tankwar\obj\debug\ground.obj
f:\tankwar\obj\debug\mountain.obj
f:\tankwar\bin\debug\tankwar.exe
f:\tankwar\bin\debug\tankwar.pdb
f:\tankwar\obj\debug\tankwar.ilk
f:\tankwar\obj\debug\background.obj
f:\tankwar\obj\debug\building.obj
f:\tankwar\obj\debug\bullet.obj
f:\tankwar\obj\debug\cloud.obj
f:\tankwar\obj\debug\player.obj
f:\tankwar\obj\debug\tank.obj
f:\tankwar\obj\debug\tree.obj
f:\tankwar\obj\debug\tankwar.vcxproj.filelistabsolute.txt
f:\tankwar\obj\debug\tankwar.tlog\cl.command.1.tlog
f:\tankwar\obj\debug\tankwar.tlog\cl.items.tlog
f:\tankwar\obj\debug\tankwar.tlog\cl.read.1.tlog
f:\tankwar\obj\debug\tankwar.tlog\cl.write.1.tlog
f:\tankwar\obj\debug\tankwar.tlog\link.command.1.tlog
f:\tankwar\obj\debug\tankwar.tlog\link.read.1.tlog
f:\tankwar\obj\debug\tankwar.tlog\link.secondary.1.tlog
f:\tankwar\obj\debug\tankwar.tlog\link.write.1.tlog
